Home Page View...(date: 2021-03-21 12:43:10.909806
Home Page View...(date: 2021-03-21 12:46:27.452173
Home Page View...(date: 2021-03-21 12:47:56.613627
Home Page View...(date: 2021-03-21 12:48:12.564624
From model
From model
Home Page View...(date: 2021-03-21 12:55:58.571801
From model
Home Page View...(date: 2021-03-21 12:56:12.708092
From model
Home Page View...(date: 2021-03-21 12:56:26.138923
From cache
Home Page View...(date: 2021-03-21 12:56:26.589537
From cache
Home Page View...(date: 2021-03-21 12:56:32.588191
From cache
Home Page View...(date: 2021-03-21 12:57:55.479370
From cache
Home Page View...(date: 2021-03-21 12:58:07.382840
From cache
Home Page View...(date: 2021-03-21 12:58:08.283835
From model
Home Page View...(date: 2021-03-21 13:03:59.440776)
clery sending...
From model
Home Page View...(date: 2021-03-21 13:23:37.660914)
From model
Home Page View...(date: 2021-03-21 13:38:59.053280)
From cache
Home Page View...(date: 2021-03-21 13:39:28.403383)
From cache
Home Page View...(date: 2021-03-21 13:39:53.574570)
From cache
Home Page View...(date: 2021-03-21 13:40:42.713963)
From cache
Home Page View...(date: 2021-03-21 13:40:44.095979)
From cache
Home Page View...(date: 2021-03-21 13:40:59.882797)
From cache
Home Page View...(date: 2021-03-21 13:41:41.296732)
From cache
Home Page View...(date: 2021-03-21 13:41:42.145736)
From cache
Home Page View...(date: 2021-03-21 13:42:47.286507)
From cache
Home Page View...(date: 2021-03-21 13:43:55.372514)
From model
Home Page View...(date: 2021-03-21 13:44:07.607285)
From cache
Home Page View...(date: 2021-03-21 13:44:08.421262)
From cache
Home Page View...(date: 2021-03-21 13:44:09.053176)
From cache
Home Page View...(date: 2021-03-21 13:44:09.563399)
From cache
Home Page View...(date: 2021-03-21 13:44:10.333255)
From cache
Home Page View...(date: 2021-03-21 13:44:14.572146)
From cache
Home Page View...(date: 2021-03-21 13:44:27.287714)
From cache
Home Page View...(date: 2021-03-21 13:44:52.515745)
Home Page View...(date: 2021-03-21 13:46:13.926345)
Home Page View...(date: 2021-03-21 13:46:20.701091)
Home Page View...(date: 2021-03-21 13:46:38.992136)
Home Page View...(date: 2021-03-21 13:46:39.700754)
Home Page View...(date: 2021-03-21 13:46:57.958267)
Home Page View...(date: 2021-03-21 13:47:44.482691)
Home Page View...(date: 2021-03-21 13:48:51.600000)
Home Page View...(date: 2021-03-21 13:49:34.439421)
Home Page View...(date: 2021-03-21 13:54:51.286248)
Home Page View...(date: 2021-03-21 13:56:39.530684)
Home Page View...(date: 2021-03-21 14:02:07.541614)
Home Page View...(date: 2021-03-21 14:02:09.405294)
Home Page View...(date: 2021-03-21 14:03:58.440604)
Home Page View...(date: 2021-03-21 14:04:13.300554)
Home Page View...(date: 2021-03-21 14:04:40.141777)
Home Page View...(date: 2021-03-21 14:06:29.729498)
Home Page View...(date: 2021-03-21 14:06:51.963870)
Getting <QuerySet []> From model
Home Page View...(date: 2021-03-21 14:22:43.280398)
Getting <QuerySet [<AuthorModel: Eminem>]> From model
Home Page View...(date: 2021-03-21 14:24:52.441232)
Getting <QuerySet [<AuthorModel: Eminem>]> From cache
Home Page View...(date: 2021-03-21 14:25:37.747915)
Getting <QuerySet [<AuthorModel: Eminem>]> From cache
Home Page View...(date: 2021-03-21 14:25:49.968506)
Getting <QuerySet [<AuthorModel: Eminem>]> From cache
Home Page View...(date: 2021-03-21 14:27:51.911454),(user: legion)
Getting Eminem From model
Home Page View...(date: 2021-03-21 14:31:01.511955),(user: legion)
Getting Eminem From cache
Home Page View...(date: 2021-03-21 14:31:18.563934),(user: legion)
Getting Eminem From model
Home Page View...(date: 2021-03-21 14:32:05.386356),(user: legion)
Getting Eminem From cache
Home Page View...(date: 2021-03-21 14:32:23.762818),(user: legion)
Getting Eminem From cache
Home Page View...(date: 2021-03-21 14:32:51.328037),(user: legion)
Getting Eminem From cache
Home Page View...(date: 2021-03-21 14:33:01.171422),(user: legion)
Getting Eminem From cache
Home Page View...(date: 2021-03-21 14:33:32.615583),(user: legion)
Getting Eminem From cache
Home Page View...(date: 2021-03-21 14:34:50.046021),(user: legion)
Getting Eminem From cache
Home Page View...(date: 2021-03-21 14:35:39.646728),(user: legion)
Getting Eminem From cache
Home Page View...(date: 2021-03-21 14:36:43.055788),(user: legion)
Getting Eminem From cache
Home Page View...(date: 2021-03-21 14:36:57.359792),(user: legion)
Getting Eminem From model
Home Page View...(date: 2021-03-21 14:37:08.084003),(user: legion)
Getting Eminem From cache
Home Page View...(date: 2021-03-21 14:37:41.713245),(user: legion)
Getting Eminem From cache
Home Page View...(date: 2021-03-21 14:38:03.326472),(user: legion)
Getting Eminem From cache
Home Page View...(date: 2021-03-21 14:39:27.451674),(user: legion)
Getting Eminem From cache
Home Page View...(date: 2021-03-21 14:39:40.858236),(user: legion)
Getting Eminem From cache
Home Page View...(date: 2021-03-21 14:40:04.485841),(user: legion)
Getting Eminem From cache
Home Page View...(date: 2021-03-21 14:40:28.102063),(user: legion)
Getting Eminem From cache
Home Page View...(date: 2021-03-21 14:41:23.622389),(user: legion)
Getting Eminem From model
Home Page View...(date: 2021-03-21 14:43:04.009680),(user: legion)
Getting Eminem From cache
Home Page View...(date: 2021-03-21 14:46:24.769280),(user: legion)
Getting Eminem From model
Home Page View...(date: 2021-03-21 14:51:18.425879),(user: legion)
Getting Eminem From cache
Home Page View...(date: 2021-03-21 14:51:37.684263),(user: legion)
Getting Eminem From cache
Home Page View...(date: 2021-03-21 14:51:42.258231),(user: legion)
Getting Eminem From cache
Home Page View...(date: 2021-03-21 14:54:05.836096),(user: legion)
Getting Eminem From cache
Home Page View...(date: 2021-03-21 14:55:38.138467),(user: legion)
Getting Eminem From cache
Home Page View...(date: 2021-03-21 14:56:02.517022),(user: legion)
Getting Eminem From model
Home Page View...(date: 2021-03-21 14:56:30.118451),(user: legion)
Getting Eminem From cache
Home Page View...(date: 2021-03-21 14:59:29.199461),(user: legion)
Getting Eminem From cache
Home Page View...(date: 2021-03-21 14:59:40.206935),(user: legion)
Getting Eminem From model
Home Page View...(date: 2021-03-21 15:16:51.891156),(user: legion)
Getting Eminem From cache
Home Page View...(date: 2021-03-21 15:21:26.564907),(user: legion)
Getting Eminem From cache
Home Page View...(date: 2021-03-21 15:21:36.719351),(user: legion)
Getting Eminem From model
Home Page View...(date: 2021-03-21 15:22:28.220259),(user: legion)
Getting Eminem From cache
Home Page View...(date: 2021-03-21 15:23:05.705011),(user: legion)
Getting Eminem From cache
Home Page View...(date: 2021-03-21 15:24:24.025880),(user: legion)
Getting Eminem From cache
Home Page View...(date: 2021-03-21 15:25:07.769876),(user: legion)
Getting Eminem From cache
Home Page View...(date: 2021-03-21 15:25:19.134235),(user: legion)
Getting Eminem From cache
Home Page View...(date: 2021-03-21 15:25:55.393683),(user: legion)
Getting Eminem From cache
Home Page View...(date: 2021-03-21 15:26:09.034001),(user: legion)
Getting Eminem From cache
Home Page View...(date: 2021-03-21 15:26:38.069316),(user: legion)
Getting Eminem From cache
Home Page View...(date: 2021-03-21 15:26:53.235437),(user: legion)
Getting Eminem From cache
Home Page View...(date: 2021-03-21 15:27:01.270588),(user: legion)
Getting Eminem From model
Home Page View...(date: 2021-03-21 15:27:47.263984),(user: legion)
Getting Eminem From cache
Home Page View...(date: 2021-03-21 15:28:43.554683),(user: legion)
Getting Eminem From cache
Home Page View...(date: 2021-03-21 15:29:15.092651),(user: legion)
Getting Eminem From cache
Home Page View...(date: 2021-03-21 15:29:58.115434),(user: legion)
Getting Eminem From cache
Home Page View...(date: 2021-03-21 15:30:11.977767),(user: legion)
Getting Eminem From cache
Home Page View...(date: 2021-03-21 15:30:43.165078),(user: legion)
Getting Eminem From model
Home Page View...(date: 2021-03-21 15:34:01.631066),(user: legion)
Getting Eminem From cache
Home Page View...(date: 2021-03-21 15:34:29.816080),(user: legion)
Getting Eminem From cache
Home Page View...(date: 2021-03-21 15:34:49.656424),(user: legion)
Home Page View...(date: 2021-03-21 15:35:17.071660),(user: legion)
Home Page View...(date: 2021-03-21 15:35:27.918414),(user: legion)
Home Page View...(date: 2021-03-21 15:35:48.570419),(user: legion)
Home Page View...(date: 2021-03-21 15:36:01.775926),(user: legion)
Home Page View...(date: 2021-03-21 15:36:09.536275),(user: legion)
Home Page View...(date: 2021-03-21 15:36:13.639582),(user: legion)
Home Page View...(date: 2021-03-21 15:37:28.367206),(user: legion)
Home Page View...(date: 2021-03-21 15:40:08.019775),(user: legion)
Home Page View...(date: 2021-03-21 15:40:29.024692),(user: legion)
Home Page View...(date: 2021-03-21 15:41:20.392230),(user: legion)
Home Page View...(date: 2021-03-21 15:41:30.746492),(user: legion)
Home Page View...(date: 2021-03-21 15:41:38.355501),(user: legion)
Home Page View...(date: 2021-03-21 15:41:53.820423),(user: legion)
Home Page View...(date: 2021-03-21 15:42:06.783856),(user: legion)
Home Page View...(date: 2021-03-21 15:42:16.989214),(user: legion)
Home Page View...(date: 2021-03-21 15:42:24.336527),(user: legion)
Home Page View...(date: 2021-03-21 15:42:40.444829),(user: legion)
Home Page View...(date: 2021-03-21 15:42:50.474538),(user: legion)
Home Page View...(date: 2021-03-21 15:42:56.911499),(user: legion)
Home Page View...(date: 2021-03-21 15:43:32.407393),(user: legion)
Home Page View...(date: 2021-03-21 15:44:15.998473),(user: legion)
Home Page View...(date: 2021-03-21 15:45:46.332068),(user: legion)
Home Page View...(date: 2021-03-21 15:48:36.142482),(user: legion)
Home Page View...(date: 2021-03-21 15:49:22.140182),(user: legion)
Home Page View...(date: 2021-03-21 15:52:02.140518),(user: legion)
Home Page View...(date: 2021-03-21 15:53:48.651618),(user: legion)
Home Page View...(date: 2021-03-21 15:54:39.725774),(user: legion)
Home Page View...(date: 2021-03-21 15:55:22.686886),(user: legion)
Home Page View...(date: 2021-03-21 15:55:42.305668),(user: legion)
Home Page View...(date: 2021-03-21 15:56:33.750538),(user: legion)
Home Page View...(date: 2021-03-21 15:57:17.949335),(user: legion)
Home Page View...(date: 2021-03-21 15:59:21.167282),(user: legion)
Home Page View...(date: 2021-03-21 16:00:03.817179),(user: legion)
Home Page View...(date: 2021-03-21 16:00:26.392559),(user: legion)
Home Page View...(date: 2021-03-21 16:00:35.140588),(user: legion)
Home Page View...(date: 2021-03-21 16:04:45.214461),(user: legion)
Home Page View...(date: 2021-03-21 16:06:26.195546),(user: legion)
Home Page View...(date: 2021-03-21 16:07:09.291483),(user: legion)
Home Page View...(date: 2021-03-21 16:07:48.898881),(user: legion)
Home Page View...(date: 2021-03-21 16:08:21.738775),(user: legion)
Home Page View...(date: 2021-03-21 16:09:22.174103),(user: legion)
Home Page View...(date: 2021-03-21 16:09:42.326578),(user: legion)
Home Page View...(date: 2021-03-21 16:09:58.327498),(user: legion)
Home Page View...(date: 2021-03-21 16:10:10.646701),(user: legion)
Home Page View...(date: 2021-03-21 16:15:24.860910),(user: legion)
Home Page View...(date: 2021-03-21 16:29:23.001524),(user: legion)
Home Page View...(date: 2021-03-21 16:31:05.287841),(user: legion)
Home Page View...(date: 2021-03-21 16:31:23.219581),(user: legion)
Home Page View...(date: 2021-03-21 16:31:33.347715),(user: legion)
Home Page View...(date: 2021-03-21 16:32:18.421940),(user: legion)
Home Page View...(date: 2021-03-21 17:37:45.396781),(user: legion)
Home Page View...(date: 2021-03-21 17:38:12.782639),(user: legion)
Home Page View...(date: 2021-03-21 17:39:08.080005),(user: legion)
Home Page View...(date: 2021-03-21 17:41:02.317343),(user: legion)
Home Page View...(date: 2021-03-21 17:42:09.921913),(user: legion)
Home Page View...(date: 2021-03-21 17:43:33.433659),(user: legion)
Home Page View...(date: 2021-03-21 17:44:25.071732),(user: legion)
Home Page View...(date: 2021-03-21 17:44:41.473803),(user: legion)
Home Page View...(date: 2021-03-21 17:44:51.565842),(user: legion)
Home Page View...(date: 2021-03-21 17:45:17.817181),(user: legion)
Home Page View...(date: 2021-03-21 17:46:33.550415),(user: legion)
Home Page View...(date: 2021-03-21 17:47:10.889062),(user: legion)
Home Page View...(date: 2021-03-21 17:47:40.725072),(user: legion)
