Home Page View...(date: 2021-03-22 08:15:40.642064),(user: legion)
Home Page View...(date: 2021-03-22 08:17:07.922302),(user: legion)
Home Page View...(date: 2021-03-22 08:21:01.248769),(user: legion)
Home Page View...(date: 2021-03-22 08:21:10.230345),(user: legion)
Home Page View...(date: 2021-03-22 08:21:25.261987),(user: legion)
Home Page View...(date: 2021-03-22 08:22:25.402921),(user: legion)
Home Page View...(date: 2021-03-22 08:23:31.167252),(user: legion)
Home Page View...(date: 2021-03-22 08:23:46.880611),(user: legion)
Home Page View...(date: 2021-03-22 08:23:56.182245),(user: legion)
Home Page View...(date: 2021-03-22 08:27:05.031108),(user: legion)
Home Page View...(date: 2021-03-22 08:27:17.999374),(user: legion)
Home Page View...(date: 2021-03-22 08:28:00.637212),(user: legion)
Home Page View...(date: 2021-03-22 08:28:38.300612),(user: legion)
Home Page View...(date: 2021-03-22 08:29:00.709371),(user: legion)
Home Page View...(date: 2021-03-22 08:29:56.060862),(user: legion)
Home Page View...(date: 2021-03-22 08:30:31.294262),(user: legion)
Home Page View...(date: 2021-03-22 08:30:56.513201),(user: legion)
Home Page View...(date: 2021-03-22 08:31:08.779376),(user: legion)
Home Page View...(date: 2021-03-22 08:31:22.781782),(user: legion)
Home Page View...(date: 2021-03-22 08:34:08.263883),(user: legion)
Home Page View...(date: 2021-03-22 08:39:07.726543),(user: legion)
Home Page View...(date: 2021-03-22 08:39:44.029153),(user: legion)
Home Page View...(date: 2021-03-22 08:40:01.696304),(user: legion)
Home Page View...(date: 2021-03-22 08:40:24.256676),(user: legion)
Home Page View...(date: 2021-03-22 08:40:37.717811),(user: legion)
Home Page View...(date: 2021-03-22 08:40:47.306833),(user: legion)
Home Page View...(date: 2021-03-22 08:40:54.082668),(user: legion)
Home Page View...(date: 2021-03-22 08:56:22.193832),(user: legion)
Home Page View...(date: 2021-03-22 11:21:53.864056),(user: legion)
Home Page View...(date: 2021-03-22 11:23:16.502193),(user: legion)
Home Page View...(date: 2021-03-22 11:24:22.809041),(user: legion)
Home Page View...(date: 2021-03-22 11:24:56.799188),(user: legion)
Home Page View...(date: 2021-03-22 11:25:09.713936),(user: legion)
Home Page View...(date: 2021-03-22 11:26:10.127282),(user: legion)
Home Page View...(date: 2021-03-22 11:26:54.589996),(user: legion)
Home Page View...(date: 2021-03-22 16:31:06.911752),(user: legion)
Home Page View...(date: 2021-03-22 16:37:05.388473),(user: legion)
Home Page View...(date: 2021-03-22 16:38:52.604318),(user: legion)
Home Page View...(date: 2021-03-22 16:53:59.502209),(user: legion)
Home Page View...(date: 2021-03-22 18:38:45.335820),(user: legion)
Home Page View...(date: 2021-03-22 18:38:46.122843),(user: legion)
Home Page View...(date: 2021-03-23 09:55:24.128450),(user: legion)
Home Page View...(date: 2021-03-23 09:56:09.703446),(user: legion)
Home Page View...(date: 2021-03-23 09:57:08.746557),(user: legion)
Home Page View...(date: 2021-03-23 10:18:23.858091),(user: legion)
Home Page View...(date: 2021-03-23 10:19:15.543592),(user: legion)
Home Page View...(date: 2021-03-23 10:28:43.010398),(user: legion)
Home Page View...(date: 2021-03-23 10:28:57.163934),(user: legion)
Home Page View...(date: 2021-03-23 10:29:28.178454),(user: legion)
Home Page View...(date: 2021-03-23 10:29:31.863724),(user: legion)
Home Page View...(date: 2021-03-23 10:38:30.912074),(user: legion)
Home Page View...(date: 2021-03-23 10:43:55.988453),(user: legion)
Home Page View...(date: 2021-03-23 10:45:49.310983),(user: legion)
Home Page View...(date: 2021-03-23 10:46:39.832644),(user: legion)
Home Page View...(date: 2021-03-23 10:48:14.337345),(user: legion)
Home Page View...(date: 2021-03-23 10:53:52.872318),(user: legion)
Home Page View...(date: 2021-03-23 10:54:13.768262),(user: legion)
Home Page View...(date: 2021-03-23 11:04:30.785514),(user: legion)
Home Page View...(date: 2021-03-23 11:06:09.572753),(user: legion)
Home Page View...(date: 2021-03-23 11:06:21.715387),(user: legion)
Home Page View...(date: 2021-03-23 11:33:46.022325),(user: legion)
Home Page View...(date: 2021-03-23 12:29:40.282733),(user: legion)
Home Page View...(date: 2021-03-23 12:29:45.274732),(user: legion)
Home Page View...(date: 2021-03-23 12:31:02.498831),(user: legion)
Home Page View...(date: 2021-03-23 12:33:16.781022),(user: legion)
Home Page View...(date: 2021-03-23 12:35:32.975706),(user: legion)
Home Page View...(date: 2021-03-23 14:28:22.537329),(user: legion)
Home Page View...(date: 2021-03-23 14:30:26.945543),(user: legion)
Home Page View...(date: 2021-03-23 15:50:05.111072),(user: legion)
Home Page View...(date: 2021-03-23 17:26:35.384965),(user: legion)
Home Page View...(date: 2021-03-23 17:28:41.297188),(user: legion)
Home Page View...(date: 2021-03-23 17:29:42.626172),(user: legion)
Home Page View...(date: 2021-03-23 17:37:37.606601),(user: legion)
Home Page View...(date: 2021-03-23 17:38:16.972802),(user: legion)
Getting post request from Contact page user: legion value <QueryDict: {'csrfmiddlewaretoken': ['UitkVBCL8VqPT7OKHPvwLzNMkVBinVnvoQhEklBvqLA1JbKoYKklUTjwypimjyWV'], 'name': ['asd asd'], 'email': ['ryzhakovalexeynicol@gmail.com'], 'subject': ['asd'], 'message': ['asd']}>
Home Page View...(date: 2021-03-23 17:40:17.590433),(user: legion)
Getting post request from Contact page user: legion value <QueryDict: {'csrfmiddlewaretoken': ['6QfLcVcfZKqEYiFU606jy4LdM4Oh4Ub1Ao35BFbZhAAQOmBynVV8HohX0yvl0xKr'], 'name': ['asd'], 'email': ['ryzhakovalexeynicol@gmail.com'], 'subject': ['sad'], 'message': ['asdasd\r\n']}>
Home Page View...(date: 2021-03-23 17:43:28.777555),(user: legion)
<generator object ContactPageView.post.<locals>.<genexpr> at 0x00000168C73A8120>
Getting post request from Contact page user: legion value <QueryDict: {'csrfmiddlewaretoken': ['dBnV7PL6LKAZhIdy6IZawyXNsAaA1DuDH9bfwzKQ3AKb7M9cnDOZFStxG4REXg33'], 'name': ['asdsad Lenovo'], 'email': ['alexryzhak238@gmail.com'], 'subject': ['asd'], 'message': ['asd']}>
Home Page View...(date: 2021-03-23 17:45:51.509353),(user: legion)
<generator object ContactPageView.post.<locals>.<genexpr> at 0x000001FCC7A4AA50>
Home Page View...(date: 2021-03-23 17:46:29.704986),(user: legion)
['csrfmiddlewaretoken', 'name', 'email', 'subject', 'message']
Home Page View...(date: 2021-03-23 17:48:50.284072),(user: legion)
Home Page View...(date: 2021-03-23 17:49:51.298921),(user: legion)
Home Page View...(date: 2021-03-23 17:50:35.200358),(user: legion)
Home Page View...(date: 2021-03-23 17:51:05.696904),(user: legion)
Home Page View...(date: 2021-03-23 17:51:52.106607),(user: legion)
Home Page View...(date: 2021-03-23 17:51:58.874353),(user: legion)
Home Page View...(date: 2021-03-23 17:54:17.344687),(user: legion)
<generator object MultiValueDict.items at 0x0000024F78B8E660>
Home Page View...(date: 2021-03-23 17:55:29.133147),(user: legion)
<generator object ContactPageView.post.<locals>.<genexpr> at 0x0000022160000350>
Home Page View...(date: 2021-03-23 17:56:01.809378),(user: legion)
Home Page View...(date: 2021-03-23 17:57:08.664863),(user: legion)
('wzykZ1p5Vdpayr4w4wpph2nYZiE3VYzl07mEoLoPd3zmov0alreeqmTIdMl7RB8L', 'asdsad Lenovo', 'alexryzhak238@gmail.com', 'asd', 'ad\r\n')
Home Page View...(date: 2021-03-23 17:57:19.776705),(user: legion)
clery sending...Legion Lenovo with email: alexryzhak238@gmail.com, theme: Musica, message: Hello, thanks for this website
Getting post request from Contact page user: legion value <QueryDict: {'csrfmiddlewaretoken': ['rlAtDT448TgJLASbUC8fGl4zOoZGlYfSVToN2D3OqJqVBEOPbxX4PFAj2SGKhBOi'], 'name': ['Legion Lenovo'], 'email': ['alexryzhak238@gmail.com'], 'subject': ['Musica'], 'message': ['Hello, thanks for this website']}>
Home Page View...(date: 2021-03-23 18:05:31.606226),(user: legion)
clery sending...Legion Lenovo with email: alexryzhak238@gmail.com, theme: Musica, message: Hello, thanks for this website
Getting post request from Contact page user: legion value <QueryDict: {'csrfmiddlewaretoken': ['f4PA2qfO7TKjAFGAfqRc8X4G2trbnQazJCDUraeypJUvqJCewlG1hhAqgX8fjtJZ'], 'name': ['Legion Lenovo'], 'email': ['alexryzhak238@gmail.com'], 'subject': ['Musica'], 'message': ['Hello, thanks for this website']}>
Home Page View...(date: 2021-03-23 18:09:57.583951),(user: legion)
Getting post request from Contact page user: legion value <QueryDict: {'csrfmiddlewaretoken': ['7MlOram5GcTopmoQDQIklb2L29YM62WOBk98QUlPY23AfqkuULx9uvyvgDFQ2Fve'], 'name': ['Legion Lenovo'], 'email': ['alexryzhak238@gmail.com'], 'subject': ['asddas'], 'message': ['asdad']}>
Home Page View...(date: 2021-03-23 18:11:15.888418),(user: legion)
<sending email>
clery sending...Legion Lenovo with email: alexryzhak238@gmail.com, theme: asddas, message: asdad
Home Page View...(date: 2021-03-23 18:16:05.929634),(user: legion)
Getting post request from Contact page user: legion value <QueryDict: {'csrfmiddlewaretoken': ['FnniRNVjGThOrxjXSkrFfk6mzvkL8KqC9VbCgxU3YJr0hBfB9fguoEC6NZ1P4nZ2'], 'name': ['Legion Lenovo'], 'email': ['alexryzhak238@gmail.com'], 'subject': ['asd'], 'message': ['asd']}>
Home Page View...(date: 2021-03-23 18:16:31.422154),(user: legion)
Getting post request from Contact page user: legion value <QueryDict: {'csrfmiddlewaretoken': ['eYuGAAJdxf3xn4ioCTPrQsbaUzTRJ0B8Iwi0ZkIXP5dJd8e2TOEgZMHU83AVFDay'], 'name': ['Legion Lenovo'], 'email': ['alexryzhak238@gmail.com'], 'subject': ['asd'], 'message': ['asd']}>
Home Page View...(date: 2021-03-23 18:17:50.050615),(user: legion)
Home Page View...(date: 2021-03-23 18:18:16.925939),(user: legion)
Getting post request from Contact page user: legion value <QueryDict: {'csrfmiddlewaretoken': ['4aNYJizpkK1EbEEHzVzKloB79QLdLgtbyIBi82y9CAbQ1IAlQQozuI7RnkshHT2B'], 'name': ['Legion Lenovo'], 'email': ['alexryzhak238@gmail.com'], 'subject': ['asd'], 'message': ['sda']}>
Home Page View...(date: 2021-03-23 18:18:25.095464),(user: legion)
Getting post request from Contact page user: legion value <QueryDict: {'csrfmiddlewaretoken': ['yeJd51mprrEziQHY2BjMS1kWX53V6jJt2MxxuLl9JhOL8UDCjw8B1lQGbzKZ2WiT'], 'name': ['Legion Lenovo'], 'email': ['alexryzhak238@gmail.com'], 'subject': ['asd'], 'message': ['asd\r\n']}>
Home Page View...(date: 2021-03-23 18:19:38.971018),(user: legion)
<sending email>
clery sending...Legion Lenovo with email: alexryzhak238@gmail.com to ryzhakovalexeynicol@gmail.com, theme: asd, message: asd

Getting post request from Contact page user: legion value <QueryDict: {'csrfmiddlewaretoken': ['kk1EOnTbhpLIyriILujVkXvAL6n06wD0OSPYd7SVzfVUovem2p8Kth1kZA4429cq'], 'name': ['asd asd'], 'email': ['alexdsryzhak238@gmail.com'], 'subject': ['asdwqa'], 'message': ['asqwdasqw']}>
Home Page View...(date: 2021-03-23 18:22:04.077835),(user: legion)
Getting post request from Contact page user: legion value <QueryDict: {'csrfmiddlewaretoken': ['iicjveyzVxVx4sfz93dozlnfDfPLThAgMQ0DUYxjdn5JUwbdqY2dIFTZRJwPPU9G'], 'name': ['asdsad Lenovo'], 'email': ['alexryzhak238@gmail.com'], 'subject': ['asd'], 'message': ['asdqw']}>
Home Page View...(date: 2021-03-23 18:22:15.202321),(user: legion)
Home Page View...(date: 2021-03-23 18:37:20.881794),(user: legion)
Home Page View...(date: 2021-03-23 18:38:37.380224),(user: legion)
Home Page View...(date: 2021-03-24 08:55:50.813570),(user: legion)
Home Page View...(date: 2021-03-24 15:48:29.320423),(user: )
Home Page View...(date: 2021-03-24 15:49:11.475663),(user: )
Home Page View...(date: 2021-03-24 16:58:03.003170),(user: )
Home Page View...(date: 2021-03-24 16:58:14.736305),(user: )
Home Page View...(date: 2021-03-24 17:21:40.222978),(user: )
Home Page View...(date: 2021-03-24 17:58:50.385528),(user: )
Home Page View...(date: 2021-03-24 18:19:07.242052),(user: )
Home Page View...(date: 2021-03-24 18:19:21.714757),(user: legion)
Home Page View...(date: 2021-03-24 18:19:52.302392),(user: legion)
Home Page View...(date: 2021-03-24 18:20:02.502097),(user: legion)
Home Page View...(date: 2021-03-24 18:20:40.968679),(user: legion)
Home Page View...(date: 2021-03-24 18:21:03.504670),(user: legion)
Home Page View...(date: 2021-03-24 18:22:43.447482),(user: legion)
Home Page View...(date: 2021-03-24 18:23:55.108073),(user: )
Home Page View...(date: 2021-03-24 18:27:57.692185),(user: )
Home Page View...(date: 2021-03-24 18:31:33.038906),(user: legion)
Home Page View...(date: 2021-03-24 18:32:27.935928),(user: legion)
Home Page View...(date: 2021-03-24 18:32:32.158297),(user: )
Home Page View...(date: 2021-03-24 18:59:10.180298),(user: legion)
Home Page View...(date: 2021-03-24 19:11:20.782019),(user: legion)
Home Page View...(date: 2021-03-24 19:11:23.773422),(user: )
Home Page View...(date: 2021-03-24 19:15:31.378311),(user: )
Home Page View...(date: 2021-03-24 19:15:47.898080),(user: ryzh)
Home Page View...(date: 2021-03-25 11:01:19.196451),(user: ryzh)
Home Page View...(date: 2021-03-25 11:12:00.756730),(user: ryzh)
Home Page View...(date: 2021-03-25 11:12:21.780006),(user: ryzh)
Home Page View...(date: 2021-03-25 11:12:46.353209),(user: ryzh)
Home Page View...(date: 2021-03-25 11:13:33.592239),(user: ryzh)
Home Page View...(date: 2021-03-25 11:14:34.482326),(user: ryzh)
Home Page View...(date: 2021-03-25 11:15:16.389638),(user: ryzh)
Home Page View...(date: 2021-03-25 11:15:36.389537),(user: ryzh)
Home Page View...(date: 2021-03-25 11:18:24.721066),(user: ryzh)
Home Page View...(date: 2021-03-25 11:18:30.815492),(user: ryzh)
Home Page View...(date: 2021-03-25 11:53:40.525416),(user: ryzh)
Home Page View...(date: 2021-03-25 12:02:55.003654),(user: legion)
Home Page View...(date: 2021-03-25 12:11:52.167564),(user: legion)
Home Page View...(date: 2021-03-25 12:20:29.494670),(user: legion)
Home Page View...(date: 2021-03-25 13:59:11.578421),(user: legion)
